15:03:46.312 [print] This is my first karate session
15:03:48.146 request:
1 > GET https://reqres.in/api/users?page=2&id=7
1 > Accept-Encoding: gzip,deflate
1 > Connection: Keep-Alive
1 > Host: reqres.in
1 > User-Agent: Apache-HttpClient/4.5.12 (Java/1.8.0_301)

15:03:49.331 response time in milliseconds: 1182.34
1 < 200
1 < Access-Control-Allow-Origin: *
1 < Age: 1841
1 < CF-Cache-Status: HIT
1 < CF-RAY: 6fa2b90dbb1074b1-LHR
1 < Cache-Control: max-age=14400
1 < Connection: keep-alive
1 < Content-Type: application/json; charset=utf-8
1 < Date: Mon, 11 Apr 2022 09:33:49 GMT
1 < Etag: W/"11c-Esb3aX7LcoAMUKcF3i6bvWwxqls"
1 < Expect-CT: max-age=604800, report-uri="https://report-uri.cloudflare.com/cdn-cgi/beacon/expect-ct"
1 < NEL: {"success_fraction":0,"report_to":"cf-nel","max_age":604800}
1 < Report-To: {"endpoints":[{"url":"https:\/\/a.nel.cloudflare.com\/report\/v3?s=UAXjmVn2zgZAlZmaT%2Bw4i4Ito4WjPJQojGLOQU3HpIXtiscRCLSOMsClzld0sp071Saoa3txpA6O9C%2BCjfd99xYmx%2FeNHv19aDU4V69j%2BjmBD4Z93eoqk1jGakY%3D"}],"group":"cf-nel","max_age":604800}
1 < Server: cloudflare
1 < Transfer-Encoding: chunked
1 < Vary: Accept-Encoding
1 < Via: 1.1 vegur
1 < X-Powered-By: Express
1 < alt-svc: h3=":443"; ma=86400, h3-29=":443"; ma=86400
{"data":{"id":7,"email":"michael.lawson@reqres.in","first_name":"Michael","last_name":"Lawson","avatar":"https://reqres.in/img/faces/7-image.jpg"},"support":{"url":"https://reqres.in/#support-heading","text":"To keep ReqRes free, contributions towards server costs are appreciated!"}}

15:03:49.335 [print] {
  "data": {
    "last_name": "Lawson",
    "id": 7,
    "avatar": "https://reqres.in/img/faces/7-image.jpg",
    "first_name": "Michael",
    "email": "michael.lawson@reqres.in"
  },
  "support": {
    "text": "To keep ReqRes free, contributions towards server costs are appreciated!",
    "url": "https://reqres.in/#support-heading"
  }
}

